#
# A fatal error has been detected by the Java Runtime Environment:
#
#  SIGSEGV (0xb) at pc=0xb6cc9a4d, pid=20423, tid=1823972160
#
# JRE version: Java(TM) SE Runtime Environment (7.0_75-b13) (build 1.7.0_75-b13)
# Java VM: Java HotSpot(TM) Server VM (24.75-b04 mixed mode linux-x86 )
# Problematic frame:
# V  [libjvm.so+0x4d5a4d]  jni_GetStringUTFChars+0x9d
#
# Failed to write core dump. Core dumps have been disabled. To enable core dumping, try "ulimit -c unlimited" before starting Java again
#
# If you would like to submit a bug report, please visit:
#   http://bugreport.sun.com/bugreport/crash.jsp
#

---------------  T H R E A D  ---------------

Current thread (0x6ff93400):  JavaThread "pool-1-thread-1" [_thread_in_vm, id=20443, stack(0x6cb29000,0x6cb7a000)]

siginfo:si_signo=SIGSEGV: si_errno=0, si_code=1 (SEGV_MAPERR), si_addr=0x00000000

Registers:
EAX=0x00000000, EBX=0xb70c4cd8, ECX=0xb76ee000, EDX=0xb70ec980
ESP=0x6cb78884, EBP=0x6cb788c8, ESI=0x6ff93400, EDI=0x00000ffc
EIP=0xb6cc9a4d, EFLAGS=0x00010216, CR2=0x00000000

Top of Stack: (sp=0x6cb78884)
0x6cb78884:   6ff93400 6c7f8000 6c7c43bb 6c814fe0
0x6cb78894:   6cb78938 6cb7893c 6cb78960 6c9e6000
0x6cb788a4:   6c9e6000 6ff93400 00000000 6c814fe0
0x6cb788b4:   6cb788df 6ff93400 6c9e6000 70c71ae4
0x6cb788c4:   6ff93400 6cb788e8 6c9ba89b 6ff93530
0x6cb788d4:   00000000 00000000 705b8d00 6c9e6000
0x6cb788e4:   70c71ae4 6cb78bb8 6c9ba394 6ff93530
0x6cb788f4:   00000000 00000000 6cb78940 6cb78954 

Instructions: (pc=0xb6cc9a4d)
0xb6cc9a2d:   00 00 00 00 8b 46 04 85 c0 74 0f 83 ec 0c 8d 45
0xb6cc9a3d:   e0 50 e8 8c bd 1f 00 83 c4 10 8b 45 0c 83 ec 0c
0xb6cc9a4d:   8b 00 50 89 45 cc e8 38 54 fb ff 6a 00 6a 00 68
0xb6cc9a5d:   00 07 00 00 8d 78 01 57 e8 d6 44 cc ff 83 c4 1c 

Register to memory mapping:

EAX=0x00000000 is an unknown value
EBX=0xb70c4cd8: <offset 0x8d0cd8> in /usr/lib/jvm/java-7-sun/jre/lib/i386/server/libjvm.so at 0xb67f4000
ECX=0xb76ee000 is an unknown value
EDX=0xb70ec980: <offset 0x8f8980> in /usr/lib/jvm/java-7-sun/jre/lib/i386/server/libjvm.so at 0xb67f4000
ESP=0x6cb78884 is pointing into the stack for thread: 0x6ff93400
EBP=0x6cb788c8 is pointing into the stack for thread: 0x6ff93400
ESI=0x6ff93400 is a thread
EDI=0x00000ffc is an unknown value


Stack: [0x6cb29000,0x6cb7a000],  sp=0x6cb78884,  free space=318k
Native frames: (J=compiled Java code, j=interpreted, Vv=VM code, C=native code)
V  [libjvm.so+0x4d5a4d]  jni_GetStringUTFChars+0x9d
C  [libKeyword.so+0x3089b]  JNIEnv_::GetStringUTFChars(_jstring*, unsigned char*)+0x27
C  [libKeyword.so+0x30394]  Java_edu_seu_hwq_spider_util_Keyword_getKeywordsbyJieba+0x219
j  edu.seu.hwq.spider.util.Keyword.getKeywordsbyJieba(Ljava/lang/String;)Ljava/lang/String;+0
j  edu.seu.hwq.spider.util.Keyword.getKeywords(Ljava/lang/String;)Ljava/lang/String;+3
j  edu.seu.hwq.spider.util.VSM.getKeywords(Ljava/lang/String;)Ljava/util/HashMap;+1
j  edu.seu.hwq.spider.util.VSM.getSim(Ljava/lang/String;)D+12
j  edu.seu.hwq.spider.crawl.BaiduZhidaoPageProcesser.getInherited(Lus/codecraft/webmagic/Page;)D+205
j  edu.seu.hwq.spider.crawl.BaiduZhidaoPageProcesser.getSharkSearch(Lus/codecraft/webmagic/Page;)D+7
j  edu.seu.hwq.spider.crawl.BaiduZhidaoPageProcesser.process(Lus/codecraft/webmagic/Page;)V+61
j  us.codecraft.webmagic.Spider.processRequest(Lus/codecraft/webmagic/Request;)V+63
j  us.codecraft.webmagic.Spider$1.run()V+8
j  us.codecraft.webmagic.selector.thread.CountableThreadPool$1.run()V+4
j  java.util.concurrent.ThreadPoolExecutor.runWorker(Ljava/util/concurrent/ThreadPoolExecutor$Worker;)V+95
j  java.util.concurrent.ThreadPoolExecutor$Worker.run()V+5
j  java.lang.Thread.run()V+11
v  ~StubRoutines::call_stub
V  [libjvm.so+0x4878f5]  JavaCalls::call_helper(JavaValue*, methodHandle*, JavaCallArguments*, Thread*)+0x315
V  [libjvm.so+0x6808b9]  os::os_exception_wrapper(void (*)(JavaValue*, methodHandle*, JavaCallArguments*, Thread*), JavaValue*, methodHandle*, JavaCallArguments*, Thread*)+0x19
V  [libjvm.so+0x48656f]  JavaCalls::call(JavaValue*, methodHandle, JavaCallArguments*, Thread*)+0x2f
V  [libjvm.so+0x4867aa]  JavaCalls::call_virtual(JavaValue*, KlassHandle, Symbol*, Symbol*, JavaCallArguments*, Thread*)+0x10a
V  [libjvm.so+0x4868cb]  JavaCalls::call_virtual(JavaValue*, Handle, KlassHandle, Symbol*, Symbol*, Thread*)+0x4b
V  [libjvm.so+0x5039b9]  thread_entry(JavaThread*, Thread*)+0xd9
V  [libjvm.so+0x7a49f9]  JavaThread::thread_main_inner()+0x109
V  [libjvm.so+0x7a4b53]  JavaThread::run()+0x123
V  [libjvm.so+0x687dd9]  java_start(Thread*)+0x119
C  [libpthread.so.0+0x6f70]  start_thread+0xd0

Java frames: (J=compiled Java code, j=interpreted, Vv=VM code)
j  edu.seu.hwq.spider.util.Keyword.getKeywordsbyJieba(Ljava/lang/String;)Ljava/lang/String;+0
j  edu.seu.hwq.spider.util.Keyword.getKeywords(Ljava/lang/String;)Ljava/lang/String;+3
j  edu.seu.hwq.spider.util.VSM.getKeywords(Ljava/lang/String;)Ljava/util/HashMap;+1
j  edu.seu.hwq.spider.util.VSM.getSim(Ljava/lang/String;)D+12
j  edu.seu.hwq.spider.crawl.BaiduZhidaoPageProcesser.getInherited(Lus/codecraft/webmagic/Page;)D+205
j  edu.seu.hwq.spider.crawl.BaiduZhidaoPageProcesser.getSharkSearch(Lus/codecraft/webmagic/Page;)D+7
j  edu.seu.hwq.spider.crawl.BaiduZhidaoPageProcesser.process(Lus/codecraft/webmagic/Page;)V+61
j  us.codecraft.webmagic.Spider.processRequest(Lus/codecraft/webmagic/Request;)V+63
j  us.codecraft.webmagic.Spider$1.run()V+8
j  us.codecraft.webmagic.selector.thread.CountableThreadPool$1.run()V+4
j  java.util.concurrent.ThreadPoolExecutor.runWorker(Ljava/util/concurrent/ThreadPoolExecutor$Worker;)V+95
j  java.util.concurrent.ThreadPoolExecutor$Worker.run()V+5
j  java.lang.Thread.run()V+11
v  ~StubRoutines::call_stub

---------------  P R O C E S S  ---------------

Java Threads: ( => current thread )
=>0x6ff93400 JavaThread "pool-1-thread-1" [_thread_in_vm, id=20443, stack(0x6cb29000,0x6cb7a000)]
  0xb6608000 JavaThread "DestroyJavaVM" [_thread_blocked, id=20425, stack(0xb675d000,0xb67ae000)]
  0x6cd99000 JavaThread "Thread-2" [_thread_blocked, id=20442, stack(0x6cbe8000,0x6cc39000)]
  0x6cd9b400 JavaThread "Timer-0" daemon [_thread_blocked, id=20440, stack(0x6cc8a000,0x6ccdb000)]
  0x6d42ac00 JavaThread "Service Thread" daemon [_thread_blocked, id=20438, stack(0x6cea6000,0x6cef7000)]
  0x6d429000 JavaThread "C2 CompilerThread1" daemon [_thread_blocked, id=20437, stack(0x6cef7000,0x6cf78000)]
  0x6d427000 JavaThread "C2 CompilerThread0" daemon [_thread_blocked, id=20436, stack(0x6cf78000,0x6cff9000)]
  0x6d425400 JavaThread "Signal Dispatcher" daemon [_thread_blocked, id=20435, stack(0x6cff9000,0x6d04a000)]
  0x6d414c00 JavaThread "Finalizer" daemon [_thread_blocked, id=20434, stack(0x6d3af000,0x6d400000)]
  0x6d413400 JavaThread "Reference Handler" daemon [_thread_blocked, id=20433, stack(0x6d540000,0x6d591000)]

Other Threads:
  0x6d410800 VMThread [stack: 0x6fe34000,0x6feb5000] [id=20432]
  0x6d42cc00 WatcherThread [stack: 0x6ce25000,0x6cea6000] [id=20439]

VM state:not at safepoint (normal execution)

VM Mutex/Monitor currently owned by a thread: None

Heap
 PSYoungGen      total 18944K, used 14642K [0x9e500000, 0xa0a00000, 0xb3500000)
  eden space 16384K, 73% used [0x9e500000,0x9f0d0070,0x9f500000)
  from space 2560K, 99% used [0x9f500000,0x9f77c8e0,0x9f780000)
  to   space 2560K, 0% used [0xa0780000,0xa0780000,0xa0a00000)
 ParOldGen       total 43008K, used 1029K [0x74500000, 0x76f00000, 0x9e500000)
  object space 43008K, 2% used [0x74500000,0x746016e0,0x76f00000)
 PSPermGen       total 16384K, used 7637K [0x70500000, 0x71500000, 0x74500000)
  object space 16384K, 46% used [0x70500000,0x70c75710,0x71500000)

Card table byte_map: [0x702e7000,0x70500000] byte_map_base: 0x6ff64800

Polling page: 0xb76ef000

Code Cache  [0xb35c2000, 0xb3802000, 0xb65c2000)
 total_blobs=242 nmethods=109 adapters=87 free_code_cache=48604Kb largest_free_block=49740480

Compilation events (10 events):
Event: 1.751 Thread 0x6d427000 nmethod 105 0xb363f7c8 code [0xb363f8a0, 0xb363f8f0]
Event: 1.751 Thread 0x6d427000  106             org.jsoup.helper.Validate::notNull (15 bytes)
Event: 1.751 Thread 0x6d429000 nmethod 104 0xb3649e08 code [0xb3649f60, 0xb364a390]
Event: 1.751 Thread 0x6d429000  107             java.util.regex.Pattern$Start::match (90 bytes)
Event: 1.751 Thread 0x6d427000 nmethod 106 0xb3648508 code [0xb3648600, 0xb3648650]
Event: 1.751 Thread 0x6d427000  108             java.util.regex.Pattern$Curly::match0 (174 bytes)
Event: 1.781 Thread 0x6d429000 nmethod 107 0xb3648948 code [0xb3648ac0, 0xb3649470]
Event: 1.781 Thread 0x6d429000  109             java.lang.Integer::intValue (5 bytes)
Event: 1.781 Thread 0x6d429000 nmethod 109 0xb36487c8 code [0xb36488a0, 0xb36488f0]
Event: 1.782 Thread 0x6d427000 nmethod 108 0xb3613b08 code [0xb3613c80, 0xb3614510]

GC Heap History (2 events):
Event: 0.844 GC heap before
{Heap before GC invocations=1 (full 0):
 PSYoungGen      total 18944K, used 16384K [0x9e500000, 0x9fa00000, 0xb3500000)
  eden space 16384K, 100% used [0x9e500000,0x9f500000,0x9f500000)
  from space 2560K, 0% used [0x9f780000,0x9f780000,0x9fa00000)
  to   space 2560K, 0% used [0x9f500000,0x9f500000,0x9f780000)
 ParOldGen       total 43008K, used 0K [0x74500000, 0x76f00000, 0x9e500000)
  object space 43008K, 0% used [0x74500000,0x74500000,0x76f00000)
 PSPermGen       total 16384K, used 6388K [0x70500000, 0x71500000, 0x74500000)
  object space 16384K, 38% used [0x70500000,0x70b3d0a0,0x71500000)
Event: 0.854 GC heap after
Heap after GC invocations=1 (full 0):
 PSYoungGen      total 18944K, used 2546K [0x9e500000, 0xa0a00000, 0xb3500000)
  eden space 16384K, 0% used [0x9e500000,0x9e500000,0x9f500000)
  from space 2560K, 99% used [0x9f500000,0x9f77c8e0,0x9f780000)
  to   space 2560K, 0% used [0xa0780000,0xa0780000,0xa0a00000)
 ParOldGen       total 43008K, used 1029K [0x74500000, 0x76f00000, 0x9e500000)
  object space 43008K, 2% used [0x74500000,0x746016e0,0x76f00000)
 PSPermGen       total 16384K, used 6388K [0x70500000, 0x71500000, 0x74500000)
  object space 16384K, 38% used [0x70500000,0x70b3d0a0,0x71500000)
}

Deoptimization events (10 events):
Event: 1.745 Thread 0x6ff93400 Uncommon trap: reason=class_check action=maybe_recompile pc=0xb364b518 method=java.util.regex.Pattern$Curly.match0(Ljava/util/regex/Matcher;IILjava/lang/CharSequence;)Z @ 31
Event: 1.749 Thread 0x6ff93400 Uncommon trap: reason=bimorphic action=maybe_recompile pc=0xb36451d0 method=java.util.regex.Pattern$SliceI.match(Ljava/util/regex/Matcher;ILjava/lang/CharSequence;)Z @ 92
Event: 1.749 Thread 0x6ff93400 Uncommon trap: reason=class_check action=maybe_recompile pc=0xb364b518 method=java.util.regex.Pattern$Curly.match0(Ljava/util/regex/Matcher;IILjava/lang/CharSequence;)Z @ 31
Event: 1.749 Thread 0x6ff93400 Uncommon trap: reason=bimorphic action=maybe_recompile pc=0xb36451d0 method=java.util.regex.Pattern$SliceI.match(Ljava/util/regex/Matcher;ILjava/lang/CharSequence;)Z @ 92
Event: 1.749 Thread 0x6ff93400 Uncommon trap: reason=bimorphic action=maybe_recompile pc=0xb36451d0 method=java.util.regex.Pattern$SliceI.match(Ljava/util/regex/Matcher;ILjava/lang/CharSequence;)Z @ 92
Event: 1.749 Thread 0x6ff93400 Uncommon trap: reason=bimorphic action=maybe_recompile pc=0xb36451d0 method=java.util.regex.Pattern$SliceI.match(Ljava/util/regex/Matcher;ILjava/lang/CharSequence;)Z @ 92
Event: 1.760 Thread 0x6ff93400 Uncommon trap: reason=class_check action=maybe_recompile pc=0xb364d784 method=java.util.regex.Pattern$CharProperty.match(Ljava/util/regex/Matcher;ILjava/lang/CharSequence;)Z @ 18
Event: 1.762 Thread 0x6ff93400 Uncommon trap: reason=class_check action=maybe_recompile pc=0xb364d784 method=java.util.regex.Pattern$CharProperty.match(Ljava/util/regex/Matcher;ILjava/lang/CharSequence;)Z @ 18
Event: 1.769 Thread 0x6ff93400 Uncommon trap: reason=class_check action=maybe_recompile pc=0xb364d784 method=java.util.regex.Pattern$CharProperty.match(Ljava/util/regex/Matcher;ILjava/lang/CharSequence;)Z @ 18
Event: 4.622 Thread 0x6ff93400 Uncommon trap: reason=unloaded action=reinterpret pc=0xb3612674 method=java.lang.CharacterData.of(I)Ljava/lang/CharacterData; @ 96

Internal exceptions (10 events):
Event: 1.745 Thread 0x6ff93400 Threw 0x9f066af0 at /HUDSON/workspace/7u-2-build-linux-i586/jdk7u75/1940/hotspot/src/share/vm/prims/jvm.cpp:1281
Event: 1.747 Thread 0x6ff93400 Threw 0x9f06ece8 at /HUDSON/workspace/7u-2-build-linux-i586/jdk7u75/1940/hotspot/src/share/vm/prims/jvm.cpp:1281
Event: 1.748 Thread 0x6ff93400 Threw 0x9f073f20 at /HUDSON/workspace/7u-2-build-linux-i586/jdk7u75/1940/hotspot/src/share/vm/prims/jvm.cpp:1281
Event: 1.748 Thread 0x6ff93400 Threw 0x9f078830 at /HUDSON/workspace/7u-2-build-linux-i586/jdk7u75/1940/hotspot/src/share/vm/prims/jvm.cpp:1281
Event: 1.771 Thread 0x6ff93400 Threw 0x9f08d520 at /HUDSON/workspace/7u-2-build-linux-i586/jdk7u75/1940/hotspot/src/share/vm/prims/jvm.cpp:1281
Event: 1.771 Thread 0x6ff93400 Threw 0x9f08f1c0 at /HUDSON/workspace/7u-2-build-linux-i586/jdk7u75/1940/hotspot/src/share/vm/prims/jvm.cpp:1281
Event: 1.771 Thread 0x6ff93400 Threw 0x9f090f40 at /HUDSON/workspace/7u-2-build-linux-i586/jdk7u75/1940/hotspot/src/share/vm/prims/jvm.cpp:1281
Event: 1.772 Thread 0x6ff93400 Threw 0x9f092920 at /HUDSON/workspace/7u-2-build-linux-i586/jdk7u75/1940/hotspot/src/share/vm/prims/jvm.cpp:1281
Event: 1.774 Thread 0x6ff93400 Threw 0x9f097c18 at /HUDSON/workspace/7u-2-build-linux-i586/jdk7u75/1940/hotspot/src/share/vm/prims/jvm.cpp:1281
Event: 1.783 Thread 0x6ff93400 Threw 0x9f0a0668 at /HUDSON/workspace/7u-2-build-linux-i586/jdk7u75/1940/hotspot/src/share/vm/prims/jvm.cpp:1281

Events (10 events):
Event: 4.092 Executing VM operation: EnableBiasedLocking done
Event: 4.622 Thread 0x6ff93400 Uncommon trap: trap_request=0x0000002d fr.pc=0xb3612674
Event: 4.622 loading class 0x7004a000
Event: 4.795 loading class 0x7004a000 done
Event: 4.795 Executing VM operation: Deoptimize
Event: 4.795 Executing VM operation: Deoptimize done
Event: 4.797 Thread 0x6ff93400 DEOPT PACKING pc=0xb3612674 sp=0x6cb78b70
Event: 4.797 Thread 0x6ff93400 DEOPT UNPACKING pc=0xb35eebc8 sp=0x6cb78b28 mode 2
Event: 4.799 Thread 0x6ff93400 DEOPT PACKING pc=0xb361a7e8 sp=0x6cb78b90
Event: 4.799 Thread 0x6ff93400 DEOPT UNPACKING pc=0xb35f00c3 sp=0x6cb789fc mode 0


Dynamic libraries:
08048000-08049000 r-xp 00000000 08:07 1844247    /usr/lib/jvm/java-7-sun/bin/java
08049000-0804a000 rw-p 00000000 08:07 1844247    /usr/lib/jvm/java-7-sun/bin/java
099bc000-09c92000 rw-p 00000000 00:00 0          [heap]
65a00000-65c00000 rw-p 00000000 00:00 0 
65c00000-65e00000 rw-p 00000000 00:00 0 
65e00000-66000000 rw-p 00000000 00:00 0 
66000000-66200000 rw-p 00000000 00:00 0 
66200000-66400000 rw-p 00000000 00:00 0 
66400000-66600000 rw-p 00000000 00:00 0 
66600000-66800000 rw-p 00000000 00:00 0 
66800000-66a00000 rw-p 00000000 00:00 0 
66a00000-66b00000 rw-p 00000000 00:00 0 
67f00000-68100000 rw-p 00000000 00:00 0 
68100000-68200000 rw-p 00000000 00:00 0 
6875c000-69a00000 rw-p 00000000 00:00 0 
69a00000-69c00000 rw-p 00000000 00:00 0 
69c00000-69e00000 rw-p 00000000 00:00 0 
69e00000-6a000000 rw-p 00000000 00:00 0 
6a000000-6a200000 rw-p 00000000 00:00 0 
6a200000-6a400000 rw-p 00000000 00:00 0 
6a400000-6a600000 rw-p 00000000 00:00 0 
6a600000-6a800000 rw-p 00000000 00:00 0 
6a800000-6a900000 rw-p 00000000 00:00 0 
6a98d000-6ab00000 rw-p 00000000 00:00 0 
6ab00000-6ab72000 rw-p 00000000 00:00 0 
6ab72000-6ac00000 ---p 00000000 00:00 0 
6ad00000-6af00000 rw-p 00000000 00:00 0 
6af00000-6b100000 rw-p 00000000 00:00 0 
6b100000-6b300000 rw-p 00000000 00:00 0 
6b300000-6b400000 rw-p 00000000 00:00 0 
6b500000-6b600000 rw-p 00000000 00:00 0 
6b603000-6b800000 rw-p 00000000 00:00 0 
6b800000-6ba00000 rw-p 00000000 00:00 0 
6ba00000-6bc00000 rw-p 00000000 00:00 0 
6bc00000-6be00000 rw-p 00000000 00:00 0 
6be00000-6bf00000 rw-p 00000000 00:00 0 
6bf00000-6c000000 rw-p 00000000 00:00 0 
6c100000-6c300000 rw-p 00000000 00:00 0 
6c300000-6c500000 rw-p 00000000 00:00 0 
6c500000-6c5f9000 rw-p 00000000 00:00 0 
6c5f9000-6c600000 ---p 00000000 00:00 0 
6c66e000-6c717000 rw-p 00000000 00:00 0 
6c717000-6c7f3000 r-xp 00000000 08:07 268381     /usr/lib/i386-linux-gnu/libstdc++.so.6.0.19
6c7f3000-6c7f4000 ---p 000dc000 08:07 268381     /usr/lib/i386-linux-gnu/libstdc++.so.6.0.19
6c7f4000-6c7f8000 r--p 000dc000 08:07 268381     /usr/lib/i386-linux-gnu/libstdc++.so.6.0.19
6c7f8000-6c7f9000 rw-p 000e0000 08:07 268381     /usr/lib/i386-linux-gnu/libstdc++.so.6.0.19
6c7f9000-6c800000 rw-p 00000000 00:00 0 
6c800000-6c900000 rw-p 00000000 00:00 0 
6c98a000-6c9e4000 r-xp 00000000 08:07 2098118    /home/mark/workspace-jee/Spider-HWQ/libKeyword.so
6c9e4000-6c9e5000 ---p 0005a000 08:07 2098118    /home/mark/workspace-jee/Spider-HWQ/libKeyword.so
6c9e5000-6c9e6000 r--p 0005a000 08:07 2098118    /home/mark/workspace-jee/Spider-HWQ/libKeyword.so
6c9e6000-6c9e8000 rw-p 0005b000 08:07 2098118    /home/mark/workspace-jee/Spider-HWQ/libKeyword.so
6c9e8000-6c9fb000 r-xp 00000000 08:07 655459     /lib/i386-linux-gnu/libresolv-2.19.so
6c9fb000-6c9fc000 ---p 00013000 08:07 655459     /lib/i386-linux-gnu/libresolv-2.19.so
6c9fc000-6c9fd000 r--p 00013000 08:07 655459     /lib/i386-linux-gnu/libresolv-2.19.so
6c9fd000-6c9fe000 rw-p 00014000 08:07 655459     /lib/i386-linux-gnu/libresolv-2.19.so
6c9fe000-6ca00000 rw-p 00000000 00:00 0 
6ca00000-6cad6000 rw-p 00000000 00:00 0 
6cad6000-6cb00000 ---p 00000000 00:00 0 
6cb1e000-6cb29000 r--s 0037c000 08:07 1844948    /usr/lib/jvm/java-7-sun/jre/lib/charsets.jar
6cb29000-6cb2c000 ---p 00000000 00:00 0 
6cb2c000-6cb7a000 rw-p 00000000 00:00 0          [stack:20443]
6cb7a000-6cb96000 r-xp 00000000 08:07 655389     /lib/i386-linux-gnu/libgcc_s.so.1
6cb96000-6cb97000 rw-p 0001b000 08:07 655389     /lib/i386-linux-gnu/libgcc_s.so.1
6cb9c000-6cb9e000 rw-p 00000000 00:00 0 
6cb9e000-6cba3000 r-xp 00000000 08:07 659964     /lib/i386-linux-gnu/libnss_dns-2.19.so
6cba3000-6cba4000 r--p 00004000 08:07 659964     /lib/i386-linux-gnu/libnss_dns-2.19.so
6cba4000-6cba5000 rw-p 00005000 08:07 659964     /lib/i386-linux-gnu/libnss_dns-2.19.so
6cba5000-6cba7000 r-xp 00000000 08:07 656454     /lib/i386-linux-gnu/libnss_mdns4_minimal.so.2
6cba7000-6cba8000 r--p 00001000 08:07 656454     /lib/i386-linux-gnu/libnss_mdns4_minimal.so.2
6cba8000-6cba9000 rw-p 00002000 08:07 656454     /lib/i386-linux-gnu/libnss_mdns4_minimal.so.2
6cba9000-6cbad000 r--s 0002d000 08:07 1844700    /usr/lib/jvm/java-7-sun/jre/lib/ext/sunjce_provider.jar
6cbad000-6cbe0000 r-xp 00000000 08:07 1844758    /usr/lib/jvm/java-7-sun/jre/lib/i386/libsunec.so
6cbe0000-6cbe4000 rw-p 00032000 08:07 1844758    /usr/lib/jvm/java-7-sun/jre/lib/i386/libsunec.so
6cbe4000-6cbe8000 rw-p 00000000 00:00 0 
6cbe8000-6cbeb000 ---p 00000000 00:00 0 
6cbeb000-6cc39000 rw-p 00000000 00:00 0          [stack:20442]
6cc39000-6cc3c000 ---p 00000000 00:00 0 
6cc3c000-6cc8a000 rw-p 00000000 00:00 0 
6cc8a000-6cc8d000 ---p 00000000 00:00 0 
6cc8d000-6ccdb000 rw-p 00000000 00:00 0          [stack:20440]
6ccdb000-6ccf0000 r-xp 00000000 08:07 1844749    /usr/lib/jvm/java-7-sun/jre/lib/i386/libnet.so
6ccf0000-6ccf1000 rw-p 00014000 08:07 1844749    /usr/lib/jvm/java-7-sun/jre/lib/i386/libnet.so
6ccf1000-6ccff000 r-xp 00000000 08:07 1844756    /usr/lib/jvm/java-7-sun/jre/lib/i386/libnio.so
6ccff000-6cd00000 rw-p 0000e000 08:07 1844756    /usr/lib/jvm/java-7-sun/jre/lib/i386/libnio.so
6cd00000-6cdfc000 rw-p 00000000 00:00 0 
6cdfc000-6ce00000 ---p 00000000 00:00 0 
6ce00000-6ce02000 r--s 00001000 08:07 1844699    /usr/lib/jvm/java-7-sun/jre/lib/ext/dnsns.jar
6ce02000-6ce05000 r--s 00019000 08:07 1844996    /usr/lib/jvm/java-7-sun/jre/lib/jce.jar
6ce05000-6ce09000 r--s 0008b000 08:07 1844778    /usr/lib/jvm/java-7-sun/jre/lib/jsse.jar
6ce09000-6ce0d000 r--s 000f7000 08:07 1844701    /usr/lib/jvm/java-7-sun/jre/lib/ext/localedata.jar
6ce0d000-6ce17000 r--s 00251000 08:07 1844694    /usr/lib/jvm/java-7-sun/jre/lib/resources.jar
6ce17000-6ce19000 r--s 00008000 08:07 1847404    /home/mark/all-dependencies-0.5.2/xsoup-0.2.4.jar
6ce19000-6ce1c000 r--s 00014000 08:07 1847403    /home/mark/all-dependencies-0.5.2/webmagic-extension-0.5.2.jar
6ce1c000-6ce25000 r--s 0006f000 08:07 1847399    /home/mark/all-dependencies-0.5.2/log4j-1.2.17.jar
6ce25000-6ce26000 ---p 00000000 00:00 0 
6ce26000-6cea6000 rw-p 00000000 00:00 0          [stack:20439]
6cea6000-6cea9000 ---p 00000000 00:00 0 
6cea9000-6cef7000 rw-p 00000000 00:00 0          [stack:20438]
6cef7000-6cefa000 ---p 00000000 00:00 0 
6cefa000-6cf78000 rw-p 00000000 00:00 0          [stack:20437]
6cf78000-6cf7b000 ---p 00000000 00:00 0 
6cf7b000-6cff9000 rw-p 00000000 00:00 0          [stack:20436]
6cff9000-6cffc000 ---p 00000000 00:00 0 
6cffc000-6d04a000 rw-p 00000000 00:00 0          [stack:20435]
6d04a000-6d1af000 r--p 001c8000 08:07 271392     /usr/lib/locale/locale-archive
6d1af000-6d3af000 r--p 00000000 08:07 271392     /usr/lib/locale/locale-archive
6d3af000-6d3b2000 ---p 00000000 00:00 0 
6d3b2000-6d400000 rw-p 00000000 00:00 0          [stack:20434]
6d400000-6d500000 rw-p 00000000 00:00 0 
6d500000-6d503000 r--s 00015000 08:07 1847402    /home/mark/all-dependencies-0.5.2/webmagic-core-0.5.2.jar
6d503000-6d505000 r--s 00001000 08:07 1847401    /home/mark/all-dependencies-0.5.2/slf4j-log4j12-1.7.6.jar
6d505000-6d507000 r--s 00006000 08:07 1847400    /home/mark/all-dependencies-0.5.2/slf4j-api-1.7.6.jar
6d507000-6d50d000 r--s 00036000 08:07 1847398    /home/mark/all-dependencies-0.5.2/junit-4.11.jar
6d50d000-6d513000 r--s 00042000 08:07 1847397    /home/mark/all-dependencies-0.5.2/jsoup-1.7.2.jar
6d513000-6d516000 r--s 0000e000 08:07 1847395    /home/mark/all-dependencies-0.5.2/json-path-0.8.1.jar
6d516000-6d540000 r--s 001e9000 08:07 1847390    /home/mark/all-dependencies-0.5.2/guava-15.0.jar
6d540000-6d543000 ---p 00000000 00:00 0 
6d543000-6d591000 rw-p 00000000 00:00 0          [stack:20433]
6d591000-6d750000 r--s 039eb000 08:07 1844260    /usr/lib/jvm/java-7-sun/jre/lib/rt.jar
6d750000-6fd00000 rw-p 00000000 00:00 0 
6fd00000-6fdf7000 rw-p 00000000 00:00 0 
6fdf7000-6fe00000 ---p 00000000 00:00 0 
6fe00000-6fe02000 r--s 0000b000 08:07 1847396    /home/mark/all-dependencies-0.5.2/json-smart-1.1.1.jar
6fe02000-6fe04000 r--s 0001d000 08:07 1847394    /home/mark/all-dependencies-0.5.2/jedis-2.0.0.jar
6fe04000-6fe0a000 r--s 0003f000 08:07 1847393    /home/mark/all-dependencies-0.5.2/httpcore-4.3.2.jar
6fe0a000-6fe15000 r--s 00085000 08:07 1847392    /home/mark/all-dependencies-0.5.2/httpclient-4.3.3.jar
6fe15000-6fe17000 r--s 00009000 08:07 1847391    /home/mark/all-dependencies-0.5.2/hamcrest-core-1.3.jar
6fe17000-6fe1d000 r--s 00052000 08:07 1847389    /home/mark/all-dependencies-0.5.2/fastjson-1.1.37.jar
6fe1d000-6fe20000 r--s 00016000 08:07 1847388    /home/mark/all-dependencies-0.5.2/commons-pool-1.5.5.jar
6fe20000-6fe26000 r--s 00048000 08:07 1847386    /home/mark/all-dependencies-0.5.2/commons-lang3-3.1.jar
6fe26000-6fe34000 r--s 0007f000 08:07 1847381    /home/mark/all-dependencies-0.5.2/commons-collections-3.2.1.jar
6fe34000-6fe35000 ---p 00000000 00:00 0 
6fe35000-6ff00000 rw-p 00000000 00:00 0          [stack:20432]
6ff00000-6ffa2000 rw-p 00000000 00:00 0 
6ffa2000-70000000 ---p 00000000 00:00 0 
70000000-70075000 rw-p 00000000 00:00 0 
70075000-70076000 ---p 00000000 00:00 0 
70076000-700f6000 rw-p 00000000 00:00 0          [stack:20427]
700f6000-700f7000 ---p 00000000 00:00 0 
700f7000-7017f000 rw-p 00000000 00:00 0          [stack:20426]
7017f000-70197000 rw-p 00000000 00:00 0 
70197000-701ac000 rw-p 00000000 00:00 0 
701ac000-702e7000 rw-p 00000000 00:00 0 
702e7000-702ef000 rw-p 00000000 00:00 0 
702ef000-70307000 rw-p 00000000 00:00 0 
70307000-7031c000 rw-p 00000000 00:00 0 
7031c000-70457000 rw-p 00000000 00:00 0 
70457000-7046a000 rw-p 00000000 00:00 0 
7046a000-704ff000 rw-p 00000000 00:00 0 
704ff000-71500000 rw-p 00000000 00:00 0 
71500000-74500000 rw-p 00000000 00:00 0 
74500000-76f00000 rw-p 00000000 00:00 0 
76f00000-9e500000 rw-p 00000000 00:00 0 
9e500000-a0a00000 rw-p 00000000 00:00 0 
a0a00000-b3500000 rw-p 00000000 00:00 0 
b3500000-b3502000 r--s 0000e000 08:07 1847387    /home/mark/all-dependencies-0.5.2/commons-logging-1.1.3.jar
b3502000-b350b000 rw-p 00000000 00:00 0 
b350b000-b35c2000 rw-p 00000000 00:00 0 
b35c2000-b3802000 rwxp 00000000 00:00 0 
b3802000-b65c2000 rw-p 00000000 00:00 0 
b65c2000-b65d9000 r-xp 00000000 08:07 1844769    /usr/lib/jvm/java-7-sun/jre/lib/i386/libzip.so
b65d9000-b65da000 rw-p 00017000 08:07 1844769    /usr/lib/jvm/java-7-sun/jre/lib/i386/libzip.so
b65da000-b65e5000 r-xp 00000000 08:07 655465     /lib/i386-linux-gnu/libnss_files-2.19.so
b65e5000-b65e6000 r--p 0000a000 08:07 655465     /lib/i386-linux-gnu/libnss_files-2.19.so
b65e6000-b65e7000 rw-p 0000b000 08:07 655465     /lib/i386-linux-gnu/libnss_files-2.19.so
b65e7000-b65fc000 r-xp 00000000 08:07 660349     /lib/i386-linux-gnu/libnsl-2.19.so
b65fc000-b65fd000 r--p 00015000 08:07 660349     /lib/i386-linux-gnu/libnsl-2.19.so
b65fd000-b65fe000 rw-p 00016000 08:07 660349     /lib/i386-linux-gnu/libnsl-2.19.so
b65fe000-b6600000 rw-p 00000000 00:00 0 
b6600000-b66f3000 rw-p 00000000 00:00 0 
b66f3000-b6700000 ---p 00000000 00:00 0 
b6700000-b6705000 r--s 00041000 08:07 1847385    /home/mark/all-dependencies-0.5.2/commons-lang-2.6.jar
b6705000-b670f000 r-xp 00000000 08:07 660128     /lib/i386-linux-gnu/libnss_nis-2.19.so
b670f000-b6710000 r--p 00009000 08:07 660128     /lib/i386-linux-gnu/libnss_nis-2.19.so
b6710000-b6711000 rw-p 0000a000 08:07 660128     /lib/i386-linux-gnu/libnss_nis-2.19.so
b6711000-b6718000 r-xp 00000000 08:07 655464     /lib/i386-linux-gnu/libnss_compat-2.19.so
b6718000-b6719000 r--p 00006000 08:07 655464     /lib/i386-linux-gnu/libnss_compat-2.19.so
b6719000-b671a000 rw-p 00007000 08:07 655464     /lib/i386-linux-gnu/libnss_compat-2.19.so
b671a000-b671b000 r--s 00003000 08:07 1844702    /usr/lib/jvm/java-7-sun/jre/lib/ext/sunec.jar
b671b000-b671e000 r--s 00013000 08:07 1847384    /home/mark/all-dependencies-0.5.2/commons-io-1.3.2.jar
b671e000-b6724000 r--s 00033000 08:07 1847380    /home/mark/all-dependencies-0.5.2/commons-codec-1.6.jar
b6724000-b6730000 r--s 00081000 08:07 1847379    /home/mark/all-dependencies-0.5.2/assertj-core-1.5.0.jar
b6730000-b6753000 r-xp 00000000 08:07 1844734    /usr/lib/jvm/java-7-sun/jre/lib/i386/libjava.so
b6753000-b6754000 rw-p 00023000 08:07 1844734    /usr/lib/jvm/java-7-sun/jre/lib/i386/libjava.so
b6754000-b675b000 r-xp 00000000 08:07 655461     /lib/i386-linux-gnu/librt-2.19.so
b675b000-b675c000 r--p 00006000 08:07 655461     /lib/i386-linux-gnu/librt-2.19.so
b675c000-b675d000 rw-p 00007000 08:07 655461     /lib/i386-linux-gnu/librt-2.19.so
b675d000-b6760000 ---p 00000000 00:00 0 
b6760000-b67ae000 rw-p 00000000 00:00 0          [stack:20425]
b67ae000-b67f2000 r-xp 00000000 08:07 660408     /lib/i386-linux-gnu/libm-2.19.so
b67f2000-b67f3000 r--p 00043000 08:07 660408     /lib/i386-linux-gnu/libm-2.19.so
b67f3000-b67f4000 rw-p 00044000 08:07 660408     /lib/i386-linux-gnu/libm-2.19.so
b67f4000-b7079000 r-xp 00000000 08:07 1844768    /usr/lib/jvm/java-7-sun/jre/lib/i386/server/libjvm.so
b7079000-b70dd000 rw-p 00885000 08:07 1844768    /usr/lib/jvm/java-7-sun/jre/lib/i386/server/libjvm.so
b70dd000-b7501000 rw-p 00000000 00:00 0 
b7501000-b76aa000 r-xp 00000000 08:07 659893     /lib/i386-linux-gnu/libc-2.19.so
b76aa000-b76ac000 r--p 001a9000 08:07 659893     /lib/i386-linux-gnu/libc-2.19.so
b76ac000-b76ad000 rw-p 001ab000 08:07 659893     /lib/i386-linux-gnu/libc-2.19.so
b76ad000-b76b0000 rw-p 00000000 00:00 0 
b76b0000-b76b3000 r-xp 00000000 08:07 660281     /lib/i386-linux-gnu/libdl-2.19.so
b76b3000-b76b4000 r--p 00002000 08:07 660281     /lib/i386-linux-gnu/libdl-2.19.so
b76b4000-b76b5000 rw-p 00003000 08:07 660281     /lib/i386-linux-gnu/libdl-2.19.so
b76b5000-b76c8000 r-xp 00000000 08:07 1843078    /usr/lib/jvm/java-7-sun/lib/i386/jli/libjli.so
b76c8000-b76c9000 rw-p 00012000 08:07 1843078    /usr/lib/jvm/java-7-sun/lib/i386/jli/libjli.so
b76c9000-b76ca000 rw-p 00000000 00:00 0 
b76ca000-b76e2000 r-xp 00000000 08:07 660103     /lib/i386-linux-gnu/libpthread-2.19.so
b76e2000-b76e3000 r--p 00018000 08:07 660103     /lib/i386-linux-gnu/libpthread-2.19.so
b76e3000-b76e4000 rw-p 00019000 08:07 660103     /lib/i386-linux-gnu/libpthread-2.19.so
b76e4000-b76e6000 rw-p 00000000 00:00 0 
b76e6000-b76ee000 rw-s 00000000 08:07 2100021    /tmp/hsperfdata_mark/20423
b76ee000-b76ef000 rw-p 00000000 00:00 0 
b76ef000-b76f0000 r--p 00000000 00:00 0 
b76f0000-b76fb000 r-xp 00000000 08:07 1844715    /usr/lib/jvm/java-7-sun/jre/lib/i386/libverify.so
b76fb000-b76fc000 rw-p 0000b000 08:07 1844715    /usr/lib/jvm/java-7-sun/jre/lib/i386/libverify.so
b76fc000-b76fe000 rw-p 00000000 00:00 0 
b76fe000-b76ff000 r-xp 00000000 00:00 0          [vdso]
b76ff000-b771f000 r-xp 00000000 08:07 660410     /lib/i386-linux-gnu/ld-2.19.so
b771f000-b7720000 r--p 0001f000 08:07 660410     /lib/i386-linux-gnu/ld-2.19.so
b7720000-b7721000 rw-p 00020000 08:07 660410     /lib/i386-linux-gnu/ld-2.19.so
bfa2a000-bfa2b000 rwxp 00000000 00:00 0 
bfa5d000-bfa7e000 rw-p 00000000 00:00 0          [stack]

VM Arguments:
jvm_args: -Dfile.encoding=UTF-8 
java_command: edu.seu.hwq.spider.crawl.BaiduZhidaoPageProcesser
Launcher Type: SUN_STANDARD

Environment Variables:
PATH=/usr/local/sbin:/usr/local/bin:/usr/sbin:/usr/bin:/sbin:/bin:/usr/games:/usr/local/games
LD_LIBRARY_PATH=/usr/lib/jvm/java-7-sun/jre/lib/i386/server:/usr/lib/jvm/java-7-sun/jre/lib/i386:/usr/lib/jvm/java-7-sun/jre/../lib/i386:/usr/lib/jvm/java-7-sun/jre/lib/i386/client:/usr/lib/jvm/java-7-sun/jre/lib/i386:
SHELL=/bin/bash
DISPLAY=:0.0

Signal Handlers:
SIGSEGV: [libjvm.so+0x7e9f40], sa_mask[0]=0x7ffbfeff, sa_flags=0x10000004
SIGBUS: [libjvm.so+0x7e9f40], sa_mask[0]=0x7ffbfeff, sa_flags=0x10000004
SIGFPE: [libjvm.so+0x682680], sa_mask[0]=0x7ffbfeff, sa_flags=0x10000004
SIGPIPE: [libjvm.so+0x682680], sa_mask[0]=0x7ffbfeff, sa_flags=0x10000004
SIGXFSZ: [libjvm.so+0x682680], sa_mask[0]=0x7ffbfeff, sa_flags=0x10000004
SIGILL: [libjvm.so+0x682680], sa_mask[0]=0x7ffbfeff, sa_flags=0x10000004
SIGUSR1: SIG_DFL, sa_mask[0]=0x00000000, sa_flags=0x00000000
SIGUSR2: [libjvm.so+0x683e80], sa_mask[0]=0x00000004, sa_flags=0x10000004
SIGHUP: [libjvm.so+0x6851b0], sa_mask[0]=0x7ffbfeff, sa_flags=0x10000004
SIGINT: [libjvm.so+0x6851b0], sa_mask[0]=0x7ffbfeff, sa_flags=0x10000004
SIGTERM: [libjvm.so+0x6851b0], sa_mask[0]=0x7ffbfeff, sa_flags=0x10000004
SIGQUIT: [libjvm.so+0x6851b0], sa_mask[0]=0x7ffbfeff, sa_flags=0x10000004


---------------  S Y S T E M  ---------------

OS:jessie/sid

uname:Linux 3.13.0-45-generic #74-Ubuntu SMP Tue Jan 13 19:37:48 UTC 2015 i686
libc:glibc 2.19 NPTL 2.19 
rlimit: STACK 8192k, CORE 0k, NPROC 32082, NOFILE 4096, AS infinity
load average:1.84 2.00 1.21

/proc/meminfo:
MemTotal:        4125848 kB
MemFree:          947368 kB
Buffers:          197696 kB
Cached:          1130552 kB
SwapCached:            0 kB
Active:          2234220 kB
Inactive:         823412 kB
Active(anon):    1730536 kB
Inactive(anon):    45852 kB
Active(file):     503684 kB
Inactive(file):   777560 kB
Unevictable:          16 kB
Mlocked:              16 kB
HighTotal:       3276068 kB
HighFree:         755864 kB
LowTotal:         849780 kB
LowFree:          191504 kB
SwapTotal:       4187132 kB
SwapFree:        4187132 kB
Dirty:               176 kB
Writeback:             0 kB
AnonPages:       1729396 kB
Mapped:           263184 kB
Shmem:             47008 kB
Slab:              71304 kB
SReclaimable:      53148 kB
SUnreclaim:        18156 kB
KernelStack:        3984 kB
PageTables:        14480 kB
NFS_Unstable:          0 kB
Bounce:                0 kB
WritebackTmp:          0 kB
CommitLimit:     6250056 kB
Committed_AS:    5042220 kB
VmallocTotal:     122880 kB
VmallocUsed:       63276 kB
VmallocChunk:      20840 kB
HardwareCorrupted:     0 kB
AnonHugePages:   1114112 kB
HugePages_Total:       0
HugePages_Free:        0
HugePages_Rsvd:        0
HugePages_Surp:        0
Hugepagesize:       2048 kB
DirectMap4k:       24568 kB
DirectMap2M:      888832 kB


CPU:total 2 (2 cores per cpu, 1 threads per core) family 6 model 23 stepping 10, cmov, cx8, fxsr, mmx, sse, sse2, sse3, ssse3, sse4.1, tsc

/proc/cpuinfo:
processor	: 0
vendor_id	: GenuineIntel
cpu family	: 6
model		: 23
model name	: Intel(R) Core(TM)2 Duo CPU     P8600  @ 2.40GHz
stepping	: 10
microcode	: 0xa07
cpu MHz		: 2401.000
cache size	: 3072 KB
physical id	: 0
siblings	: 2
core id		: 0
cpu cores	: 2
apicid		: 0
initial apicid	: 0
fdiv_bug	: no
f00f_bug	: no
coma_bug	: no
fpu		: yes
fpu_exception	: yes
cpuid level	: 13
wp		: yes
flags		: fpu vme de pse tsc msr pae mce cx8 apic sep mtrr pge mca cmov pat pse36 clflush dts acpi mmx fxsr sse sse2 ss ht tm pbe nx lm constant_tsc arch_perfmon pebs bts aperfmperf pni dtes64 monitor ds_cpl vmx smx est tm2 ssse3 cx16 xtpr pdcm sse4_1 xsave lahf_lm ida dtherm tpr_shadow vnmi flexpriority
bogomips	: 4788.27
clflush size	: 64
cache_alignment	: 64
address sizes	: 36 bits physical, 48 bits virtual
power management:

processor	: 1
vendor_id	: GenuineIntel
cpu family	: 6
model		: 23
model name	: Intel(R) Core(TM)2 Duo CPU     P8600  @ 2.40GHz
stepping	: 10
microcode	: 0xa07
cpu MHz		: 2401.000
cache size	: 3072 KB
physical id	: 0
siblings	: 2
core id		: 1
cpu cores	: 2
apicid		: 1
initial apicid	: 1
fdiv_bug	: no
f00f_bug	: no
coma_bug	: no
fpu		: yes
fpu_exception	: yes
cpuid level	: 13
wp		: yes
flags		: fpu vme de pse tsc msr pae mce cx8 apic sep mtrr pge mca cmov pat pse36 clflush dts acpi mmx fxsr sse sse2 ss ht tm pbe nx lm constant_tsc arch_perfmon pebs bts aperfmperf pni dtes64 monitor ds_cpl vmx smx est tm2 ssse3 cx16 xtpr pdcm sse4_1 xsave lahf_lm ida dtherm tpr_shadow vnmi flexpriority
bogomips	: 4788.27
clflush size	: 64
cache_alignment	: 64
address sizes	: 36 bits physical, 48 bits virtual
power management:



Memory: 4k page, physical 4125848k(947368k free), swap 4187132k(4187132k free)

vm_info: Java HotSpot(TM) Server VM (24.75-b04) for linux-x86 JRE (1.7.0_75-b13), built on Dec 18 2014 18:09:52 by "java_re" with gcc 4.3.0 20080428 (Red Hat 4.3.0-8)

time: Mon Feb 16 00:01:20 2015
elapsed time: 7 seconds

