#
# A fatal error has been detected by the Java Runtime Environment:
#
#  SIGSEGV (0xb) at pc=0xb6cfaa4d, pid=20273, tid=1824123712
#
# JRE version: Java(TM) SE Runtime Environment (7.0_75-b13) (build 1.7.0_75-b13)
# Java VM: Java HotSpot(TM) Server VM (24.75-b04 mixed mode linux-x86 )
# Problematic frame:
# V  [libjvm.so+0x4d5a4d]  jni_GetStringUTFChars+0x9d
#
# Failed to write core dump. Core dumps have been disabled. To enable core dumping, try "ulimit -c unlimited" before starting Java again
#
# If you would like to submit a bug report, please visit:
#   http://bugreport.sun.com/bugreport/crash.jsp
#

---------------  T H R E A D  ---------------

Current thread (0x700ca400):  JavaThread "pool-1-thread-1" [_thread_in_vm, id=20293, stack(0x6cb4e000,0x6cb9f000)]

siginfo:si_signo=SIGSEGV: si_errno=0, si_code=1 (SEGV_MAPERR), si_addr=0x00000000

Registers:
EAX=0x00000000, EBX=0xb70f5cd8, ECX=0xb771f000, EDX=0xb711d980
ESP=0x6cb9d784, EBP=0x6cb9d7c8, ESI=0x700ca400, EDI=0x00000ffc
EIP=0xb6cfaa4d, EFLAGS=0x00010216, CR2=0x00000000

Top of Stack: (sp=0x6cb9d784)
0x6cb9d784:   700ca400 6c79a000 6c7663bb 6c84ab78
0x6cb9d794:   6cb9d838 6cb9d83c 6cb9d860 6c7fe000
0x6cb9d7a4:   6c7fe000 700ca400 00000000 6c84ab78
0x6cb9d7b4:   6cb9d7df 700ca400 6c7fe000 70c71adc
0x6cb9d7c4:   700ca400 6cb9d7e8 6c7d289b 700ca530
0x6cb9d7d4:   00000000 00000000 705b8d00 6c7fe000
0x6cb9d7e4:   70c71adc 6cb9dab8 6c7d2394 700ca530
0x6cb9d7f4:   00000000 00000000 6cb9d840 6cb9d854 

Instructions: (pc=0xb6cfaa4d)
0xb6cfaa2d:   00 00 00 00 8b 46 04 85 c0 74 0f 83 ec 0c 8d 45
0xb6cfaa3d:   e0 50 e8 8c bd 1f 00 83 c4 10 8b 45 0c 83 ec 0c
0xb6cfaa4d:   8b 00 50 89 45 cc e8 38 54 fb ff 6a 00 6a 00 68
0xb6cfaa5d:   00 07 00 00 8d 78 01 57 e8 d6 44 cc ff 83 c4 1c 

Register to memory mapping:

EAX=0x00000000 is an unknown value
EBX=0xb70f5cd8: <offset 0x8d0cd8> in /usr/lib/jvm/java-7-sun/jre/lib/i386/server/libjvm.so at 0xb6825000
ECX=0xb771f000 is an unknown value
EDX=0xb711d980: <offset 0x8f8980> in /usr/lib/jvm/java-7-sun/jre/lib/i386/server/libjvm.so at 0xb6825000
ESP=0x6cb9d784 is pointing into the stack for thread: 0x700ca400
EBP=0x6cb9d7c8 is pointing into the stack for thread: 0x700ca400
ESI=0x700ca400 is a thread
EDI=0x00000ffc is an unknown value


Stack: [0x6cb4e000,0x6cb9f000],  sp=0x6cb9d784,  free space=317k
Native frames: (J=compiled Java code, j=interpreted, Vv=VM code, C=native code)
V  [libjvm.so+0x4d5a4d]  jni_GetStringUTFChars+0x9d
C  [libKeyword.so+0x3089b]  JNIEnv_::GetStringUTFChars(_jstring*, unsigned char*)+0x27
C  [libKeyword.so+0x30394]  Java_edu_seu_hwq_spider_util_Keyword_getKeywordsbyJieba+0x219
j  edu.seu.hwq.spider.util.Keyword.getKeywordsbyJieba(Ljava/lang/String;)Ljava/lang/String;+0
j  edu.seu.hwq.spider.util.Keyword.getKeywords(Ljava/lang/String;)Ljava/lang/String;+3
j  edu.seu.hwq.spider.util.VSM.getKeywords(Ljava/lang/String;)Ljava/util/HashMap;+1
j  edu.seu.hwq.spider.util.VSM.getSim(Ljava/lang/String;)D+12
j  edu.seu.hwq.spider.crawl.BaiduZhidaoPageProcesser.getInherited(Lus/codecraft/webmagic/Page;)D+205
j  edu.seu.hwq.spider.crawl.BaiduZhidaoPageProcesser.getSharkSearch(Lus/codecraft/webmagic/Page;)D+7
j  edu.seu.hwq.spider.crawl.BaiduZhidaoPageProcesser.process(Lus/codecraft/webmagic/Page;)V+61
j  us.codecraft.webmagic.Spider.processRequest(Lus/codecraft/webmagic/Request;)V+63
j  us.codecraft.webmagic.Spider$1.run()V+8
j  us.codecraft.webmagic.selector.thread.CountableThreadPool$1.run()V+4
j  java.util.concurrent.ThreadPoolExecutor.runWorker(Ljava/util/concurrent/ThreadPoolExecutor$Worker;)V+95
j  java.util.concurrent.ThreadPoolExecutor$Worker.run()V+5
j  java.lang.Thread.run()V+11
v  ~StubRoutines::call_stub
V  [libjvm.so+0x4878f5]  JavaCalls::call_helper(JavaValue*, methodHandle*, JavaCallArguments*, Thread*)+0x315
V  [libjvm.so+0x6808b9]  os::os_exception_wrapper(void (*)(JavaValue*, methodHandle*, JavaCallArguments*, Thread*), JavaValue*, methodHandle*, JavaCallArguments*, Thread*)+0x19
V  [libjvm.so+0x48656f]  JavaCalls::call(JavaValue*, methodHandle, JavaCallArguments*, Thread*)+0x2f
V  [libjvm.so+0x4867aa]  JavaCalls::call_virtual(JavaValue*, KlassHandle, Symbol*, Symbol*, JavaCallArguments*, Thread*)+0x10a
V  [libjvm.so+0x4868cb]  JavaCalls::call_virtual(JavaValue*, Handle, KlassHandle, Symbol*, Symbol*, Thread*)+0x4b
V  [libjvm.so+0x5039b9]  thread_entry(JavaThread*, Thread*)+0xd9
V  [libjvm.so+0x7a49f9]  JavaThread::thread_main_inner()+0x109
V  [libjvm.so+0x7a4b53]  JavaThread::run()+0x123
V  [libjvm.so+0x687dd9]  java_start(Thread*)+0x119
C  [libpthread.so.0+0x6f70]  start_thread+0xd0

Java frames: (J=compiled Java code, j=interpreted, Vv=VM code)
j  edu.seu.hwq.spider.util.Keyword.getKeywordsbyJieba(Ljava/lang/String;)Ljava/lang/String;+0
j  edu.seu.hwq.spider.util.Keyword.getKeywords(Ljava/lang/String;)Ljava/lang/String;+3
j  edu.seu.hwq.spider.util.VSM.getKeywords(Ljava/lang/String;)Ljava/util/HashMap;+1
j  edu.seu.hwq.spider.util.VSM.getSim(Ljava/lang/String;)D+12
j  edu.seu.hwq.spider.crawl.BaiduZhidaoPageProcesser.getInherited(Lus/codecraft/webmagic/Page;)D+205
j  edu.seu.hwq.spider.crawl.BaiduZhidaoPageProcesser.getSharkSearch(Lus/codecraft/webmagic/Page;)D+7
j  edu.seu.hwq.spider.crawl.BaiduZhidaoPageProcesser.process(Lus/codecraft/webmagic/Page;)V+61
j  us.codecraft.webmagic.Spider.processRequest(Lus/codecraft/webmagic/Request;)V+63
j  us.codecraft.webmagic.Spider$1.run()V+8
j  us.codecraft.webmagic.selector.thread.CountableThreadPool$1.run()V+4
j  java.util.concurrent.ThreadPoolExecutor.runWorker(Ljava/util/concurrent/ThreadPoolExecutor$Worker;)V+95
j  java.util.concurrent.ThreadPoolExecutor$Worker.run()V+5
j  java.lang.Thread.run()V+11
v  ~StubRoutines::call_stub

---------------  P R O C E S S  ---------------

Java Threads: ( => current thread )
=>0x700ca400 JavaThread "pool-1-thread-1" [_thread_in_vm, id=20293, stack(0x6cb4e000,0x6cb9f000)]
  0xb6608000 JavaThread "DestroyJavaVM" [_thread_blocked, id=20279, stack(0xb678e000,0xb67df000)]
  0x6cd9d800 JavaThread "Thread-2" [_thread_blocked, id=20292, stack(0x6cc0d000,0x6cc5e000)]
  0x6cda0400 JavaThread "Timer-0" daemon [_thread_blocked, id=20290, stack(0x6ccaf000,0x6cd00000)]
  0x6d52ac00 JavaThread "Service Thread" daemon [_thread_blocked, id=20288, stack(0x6ced4000,0x6cf25000)]
  0x6d529000 JavaThread "C2 CompilerThread1" daemon [_thread_blocked, id=20287, stack(0x6cf25000,0x6cfa6000)]
  0x6d527000 JavaThread "C2 CompilerThread0" daemon [_thread_blocked, id=20286, stack(0x6cfa6000,0x6d027000)]
  0x6d525400 JavaThread "Signal Dispatcher" daemon [_thread_blocked, id=20285, stack(0x6d027000,0x6d078000)]
  0x6d514c00 JavaThread "Finalizer" daemon [_thread_blocked, id=20284, stack(0x6d3dd000,0x6d42e000)]
  0x6d513400 JavaThread "Reference Handler" daemon [_thread_blocked, id=20283, stack(0x6d42e000,0x6d47f000)]

Other Threads:
  0x6d510800 VMThread [stack: 0x6d47f000,0x6d500000] [id=20282]
  0x6d52cc00 WatcherThread [stack: 0x6ce53000,0x6ced4000] [id=20289]

VM state:not at safepoint (normal execution)

VM Mutex/Monitor currently owned by a thread: None

Heap
 PSYoungGen      total 18944K, used 14400K [0x9e500000, 0xa0a00000, 0xb3500000)
  eden space 16384K, 72% used [0x9e500000,0x9f0934a8,0x9f500000)
  from space 2560K, 99% used [0x9f500000,0x9f77ce28,0x9f780000)
  to   space 2560K, 0% used [0xa0780000,0xa0780000,0xa0a00000)
 ParOldGen       total 43008K, used 1152K [0x74500000, 0x76f00000, 0x9e500000)
  object space 43008K, 2% used [0x74500000,0x746203b8,0x76f00000)
 PSPermGen       total 16384K, used 7637K [0x70500000, 0x71500000, 0x74500000)
  object space 16384K, 46% used [0x70500000,0x70c75708,0x71500000)

Card table byte_map: [0x702e7000,0x70500000] byte_map_base: 0x6ff64800

Polling page: 0xb7720000

Code Cache  [0xb35e8000, 0xb3828000, 0xb65e8000)
 total_blobs=243 nmethods=110 adapters=87 free_code_cache=48594Kb largest_free_block=49734656

Compilation events (10 events):
Event: 1.624 Thread 0x6d529000 nmethod 106 0xb3671348 code [0xb36714a0, 0xb36718d0]
Event: 1.624 Thread 0x6d529000  107             org.jsoup.parser.CharacterReader::isEmpty (17 bytes)
Event: 1.624 Thread 0x6d529000 nmethod 107 0xb366fa88 code [0xb366fb60, 0xb366fbb0]
Event: 1.624 Thread 0x6d529000  108             org.jsoup.helper.Validate::notNull (15 bytes)
Event: 1.624 Thread 0x6d529000 nmethod 108 0xb366c508 code [0xb366c600, 0xb366c650]
Event: 1.624 Thread 0x6d529000  109             java.lang.Integer::intValue (5 bytes)
Event: 1.627 Thread 0x6d527000 nmethod 97 0xb3676488 code [0xb3676760, 0xb3677c80]
Event: 1.627 Thread 0x6d529000 nmethod 109 0xb366c388 code [0xb366c460, 0xb366c4b0]
Event: 4.610 Thread 0x6d527000  110             java.lang.String::toLowerCase (431 bytes)
Event: 4.639 Thread 0x6d527000 nmethod 110 0xb3672008 code [0xb3672200, 0xb36730b8]

GC Heap History (2 events):
Event: 0.819 GC heap before
{Heap before GC invocations=1 (full 0):
 PSYoungGen      total 18944K, used 16384K [0x9e500000, 0x9fa00000, 0xb3500000)
  eden space 16384K, 100% used [0x9e500000,0x9f500000,0x9f500000)
  from space 2560K, 0% used [0x9f780000,0x9f780000,0x9fa00000)
  to   space 2560K, 0% used [0x9f500000,0x9f500000,0x9f780000)
 ParOldGen       total 43008K, used 0K [0x74500000, 0x76f00000, 0x9e500000)
  object space 43008K, 0% used [0x74500000,0x74500000,0x76f00000)
 PSPermGen       total 16384K, used 6501K [0x70500000, 0x71500000, 0x74500000)
  object space 16384K, 39% used [0x70500000,0x70b597c8,0x71500000)
Event: 0.833 GC heap after
Heap after GC invocations=1 (full 0):
 PSYoungGen      total 18944K, used 2547K [0x9e500000, 0xa0a00000, 0xb3500000)
  eden space 16384K, 0% used [0x9e500000,0x9e500000,0x9f500000)
  from space 2560K, 99% used [0x9f500000,0x9f77ce28,0x9f780000)
  to   space 2560K, 0% used [0xa0780000,0xa0780000,0xa0a00000)
 ParOldGen       total 43008K, used 1152K [0x74500000, 0x76f00000, 0x9e500000)
  object space 43008K, 2% used [0x74500000,0x746203b8,0x76f00000)
 PSPermGen       total 16384K, used 6501K [0x70500000, 0x71500000, 0x74500000)
  object space 16384K, 39% used [0x70500000,0x70b597c8,0x71500000)
}

Deoptimization events (10 events):
Event: 1.502 Thread 0x700ca400 Uncommon trap: reason=class_check action=maybe_recompile pc=0xb366d3c4 method=java.util.regex.Pattern$GroupHead.match(Ljava/util/regex/Matcher;ILjava/lang/CharSequence;)Z @ 28
Event: 1.584 Thread 0x700ca400 Uncommon trap: reason=bimorphic action=maybe_recompile pc=0xb3668690 method=java.util.regex.Pattern$SliceI.match(Ljava/util/regex/Matcher;ILjava/lang/CharSequence;)Z @ 92
Event: 1.584 Thread 0x700ca400 Uncommon trap: reason=class_check action=maybe_recompile pc=0xb366e35c method=java.util.regex.Pattern$CharProperty.match(Ljava/util/regex/Matcher;ILjava/lang/CharSequence;)Z @ 18
Event: 1.584 Thread 0x700ca400 Uncommon trap: reason=class_check action=maybe_recompile pc=0xb366e35c method=java.util.regex.Pattern$CharProperty.match(Ljava/util/regex/Matcher;ILjava/lang/CharSequence;)Z @ 18
Event: 1.584 Thread 0x700ca400 Uncommon trap: reason=class_check action=maybe_recompile pc=0xb366e35c method=java.util.regex.Pattern$CharProperty.match(Ljava/util/regex/Matcher;ILjava/lang/CharSequence;)Z @ 18
Event: 1.584 Thread 0x700ca400 Uncommon trap: reason=class_check action=maybe_recompile pc=0xb366e35c method=java.util.regex.Pattern$CharProperty.match(Ljava/util/regex/Matcher;ILjava/lang/CharSequence;)Z @ 18
Event: 1.584 Thread 0x700ca400 Uncommon trap: reason=bimorphic action=maybe_recompile pc=0xb3668690 method=java.util.regex.Pattern$SliceI.match(Ljava/util/regex/Matcher;ILjava/lang/CharSequence;)Z @ 92
Event: 1.584 Thread 0x700ca400 Uncommon trap: reason=bimorphic action=maybe_recompile pc=0xb3668690 method=java.util.regex.Pattern$SliceI.match(Ljava/util/regex/Matcher;ILjava/lang/CharSequence;)Z @ 92
Event: 1.584 Thread 0x700ca400 Uncommon trap: reason=bimorphic action=maybe_recompile pc=0xb3668690 method=java.util.regex.Pattern$SliceI.match(Ljava/util/regex/Matcher;ILjava/lang/CharSequence;)Z @ 92
Event: 4.446 Thread 0x700ca400 Uncommon trap: reason=unloaded action=reinterpret pc=0xb3632334 method=java.lang.CharacterData.of(I)Ljava/lang/CharacterData; @ 96

Internal exceptions (10 events):
Event: 1.579 Thread 0x700ca400 Threw 0x9f03add0 at /HUDSON/workspace/7u-2-build-linux-i586/jdk7u75/1940/hotspot/src/share/vm/prims/jvm.cpp:1281
Event: 1.582 Thread 0x700ca400 Threw 0x9f042fc8 at /HUDSON/workspace/7u-2-build-linux-i586/jdk7u75/1940/hotspot/src/share/vm/prims/jvm.cpp:1281
Event: 1.583 Thread 0x700ca400 Threw 0x9f048200 at /HUDSON/workspace/7u-2-build-linux-i586/jdk7u75/1940/hotspot/src/share/vm/prims/jvm.cpp:1281
Event: 1.583 Thread 0x700ca400 Threw 0x9f04cb10 at /HUDSON/workspace/7u-2-build-linux-i586/jdk7u75/1940/hotspot/src/share/vm/prims/jvm.cpp:1281
Event: 1.597 Thread 0x700ca400 Threw 0x9f061818 at /HUDSON/workspace/7u-2-build-linux-i586/jdk7u75/1940/hotspot/src/share/vm/prims/jvm.cpp:1281
Event: 1.597 Thread 0x700ca400 Threw 0x9f0634b8 at /HUDSON/workspace/7u-2-build-linux-i586/jdk7u75/1940/hotspot/src/share/vm/prims/jvm.cpp:1281
Event: 1.598 Thread 0x700ca400 Threw 0x9f065238 at /HUDSON/workspace/7u-2-build-linux-i586/jdk7u75/1940/hotspot/src/share/vm/prims/jvm.cpp:1281
Event: 1.599 Thread 0x700ca400 Threw 0x9f066c18 at /HUDSON/workspace/7u-2-build-linux-i586/jdk7u75/1940/hotspot/src/share/vm/prims/jvm.cpp:1281
Event: 1.601 Thread 0x700ca400 Threw 0x9f06bf10 at /HUDSON/workspace/7u-2-build-linux-i586/jdk7u75/1940/hotspot/src/share/vm/prims/jvm.cpp:1281
Event: 1.602 Thread 0x700ca400 Threw 0x9f0742f8 at /HUDSON/workspace/7u-2-build-linux-i586/jdk7u75/1940/hotspot/src/share/vm/prims/jvm.cpp:1281

Events (10 events):
Event: 4.095 Executing VM operation: EnableBiasedLocking done
Event: 4.446 Thread 0x700ca400 Uncommon trap: trap_request=0x0000002d fr.pc=0xb3632334
Event: 4.446 loading class 0x6ff54000
Event: 4.608 loading class 0x6ff54000 done
Event: 4.609 Executing VM operation: Deoptimize
Event: 4.609 Executing VM operation: Deoptimize done
Event: 4.609 Thread 0x700ca400 DEOPT PACKING pc=0xb3632334 sp=0x6cb9da70
Event: 4.609 Thread 0x700ca400 DEOPT UNPACKING pc=0xb3614bc8 sp=0x6cb9da28 mode 2
Event: 4.610 Thread 0x700ca400 DEOPT PACKING pc=0xb3642a68 sp=0x6cb9da90
Event: 4.610 Thread 0x700ca400 DEOPT UNPACKING pc=0xb36160c3 sp=0x6cb9d8fc mode 0


Dynamic libraries:
08048000-08049000 r-xp 00000000 08:07 1844247    /usr/lib/jvm/java-7-sun/bin/java
08049000-0804a000 rw-p 00000000 08:07 1844247    /usr/lib/jvm/java-7-sun/bin/java
09f78000-0a1b2000 rw-p 00000000 00:00 0          [heap]
65a00000-65c00000 rw-p 00000000 00:00 0 
65c00000-65e00000 rw-p 00000000 00:00 0 
65e00000-66000000 rw-p 00000000 00:00 0 
66000000-66200000 rw-p 00000000 00:00 0 
66200000-66400000 rw-p 00000000 00:00 0 
66400000-66600000 rw-p 00000000 00:00 0 
66600000-66800000 rw-p 00000000 00:00 0 
66800000-66a00000 rw-p 00000000 00:00 0 
66a00000-66b00000 rw-p 00000000 00:00 0 
67f00000-68100000 rw-p 00000000 00:00 0 
68100000-68200000 rw-p 00000000 00:00 0 
6875c000-69a00000 rw-p 00000000 00:00 0 
69a00000-69c00000 rw-p 00000000 00:00 0 
69c00000-69e00000 rw-p 00000000 00:00 0 
69e00000-6a000000 rw-p 00000000 00:00 0 
6a000000-6a200000 rw-p 00000000 00:00 0 
6a200000-6a400000 rw-p 00000000 00:00 0 
6a400000-6a600000 rw-p 00000000 00:00 0 
6a600000-6a800000 rw-p 00000000 00:00 0 
6a800000-6a900000 rw-p 00000000 00:00 0 
6a98d000-6ab00000 rw-p 00000000 00:00 0 
6ab00000-6ab6a000 rw-p 00000000 00:00 0 
6ab6a000-6ac00000 ---p 00000000 00:00 0 
6ad00000-6af00000 rw-p 00000000 00:00 0 
6af00000-6b100000 rw-p 00000000 00:00 0 
6b100000-6b300000 rw-p 00000000 00:00 0 
6b300000-6b400000 rw-p 00000000 00:00 0 
6b500000-6b600000 rw-p 00000000 00:00 0 
6b603000-6b800000 rw-p 00000000 00:00 0 
6b800000-6ba00000 rw-p 00000000 00:00 0 
6ba00000-6bc00000 rw-p 00000000 00:00 0 
6bc00000-6be00000 rw-p 00000000 00:00 0 
6be00000-6bf00000 rw-p 00000000 00:00 0 
6bf00000-6c000000 rw-p 00000000 00:00 0 
6c100000-6c300000 rw-p 00000000 00:00 0 
6c300000-6c500000 rw-p 00000000 00:00 0 
6c500000-6c600000 rw-p 00000000 00:00 0 
6c610000-6c6b9000 rw-p 00000000 00:00 0 
6c6b9000-6c795000 r-xp 00000000 08:07 268381     /usr/lib/i386-linux-gnu/libstdc++.so.6.0.19
6c795000-6c796000 ---p 000dc000 08:07 268381     /usr/lib/i386-linux-gnu/libstdc++.so.6.0.19
6c796000-6c79a000 r--p 000dc000 08:07 268381     /usr/lib/i386-linux-gnu/libstdc++.so.6.0.19
6c79a000-6c79b000 rw-p 000e0000 08:07 268381     /usr/lib/i386-linux-gnu/libstdc++.so.6.0.19
6c79b000-6c7a2000 rw-p 00000000 00:00 0 
6c7a2000-6c7fc000 r-xp 00000000 08:07 2098118    /home/mark/workspace-jee/Spider-HWQ/libKeyword.so
6c7fc000-6c7fd000 ---p 0005a000 08:07 2098118    /home/mark/workspace-jee/Spider-HWQ/libKeyword.so
6c7fd000-6c7fe000 r--p 0005a000 08:07 2098118    /home/mark/workspace-jee/Spider-HWQ/libKeyword.so
6c7fe000-6c800000 rw-p 0005b000 08:07 2098118    /home/mark/workspace-jee/Spider-HWQ/libKeyword.so
6c800000-6c900000 rw-p 00000000 00:00 0 
6c900000-6c956000 rw-p 00000000 00:00 0 
6c956000-6ca00000 ---p 00000000 00:00 0 
6ca00000-6cafd000 rw-p 00000000 00:00 0 
6cafd000-6cb00000 ---p 00000000 00:00 0 
6cb2f000-6cb42000 r-xp 00000000 08:07 655459     /lib/i386-linux-gnu/libresolv-2.19.so
6cb42000-6cb43000 ---p 00013000 08:07 655459     /lib/i386-linux-gnu/libresolv-2.19.so
6cb43000-6cb44000 r--p 00013000 08:07 655459     /lib/i386-linux-gnu/libresolv-2.19.so
6cb44000-6cb45000 rw-p 00014000 08:07 655459     /lib/i386-linux-gnu/libresolv-2.19.so
6cb45000-6cb47000 rw-p 00000000 00:00 0 
6cb47000-6cb4c000 r-xp 00000000 08:07 659964     /lib/i386-linux-gnu/libnss_dns-2.19.so
6cb4c000-6cb4d000 r--p 00004000 08:07 659964     /lib/i386-linux-gnu/libnss_dns-2.19.so
6cb4d000-6cb4e000 rw-p 00005000 08:07 659964     /lib/i386-linux-gnu/libnss_dns-2.19.so
6cb4e000-6cb51000 ---p 00000000 00:00 0 
6cb51000-6cb9f000 rw-p 00000000 00:00 0          [stack:20293]
6cb9f000-6cbbb000 r-xp 00000000 08:07 655389     /lib/i386-linux-gnu/libgcc_s.so.1
6cbbb000-6cbbc000 rw-p 0001b000 08:07 655389     /lib/i386-linux-gnu/libgcc_s.so.1
6cbc7000-6cbd2000 r--s 0037c000 08:07 1844948    /usr/lib/jvm/java-7-sun/jre/lib/charsets.jar
6cbd2000-6cc05000 r-xp 00000000 08:07 1844758    /usr/lib/jvm/java-7-sun/jre/lib/i386/libsunec.so
6cc05000-6cc09000 rw-p 00032000 08:07 1844758    /usr/lib/jvm/java-7-sun/jre/lib/i386/libsunec.so
6cc09000-6cc0d000 rw-p 00000000 00:00 0 
6cc0d000-6cc10000 ---p 00000000 00:00 0 
6cc10000-6cc5e000 rw-p 00000000 00:00 0          [stack:20292]
6cc5e000-6cc61000 ---p 00000000 00:00 0 
6cc61000-6ccaf000 rw-p 00000000 00:00 0 
6ccaf000-6ccb2000 ---p 00000000 00:00 0 
6ccb2000-6cd00000 rw-p 00000000 00:00 0          [stack:20290]
6cd00000-6cdf9000 rw-p 00000000 00:00 0 
6cdf9000-6ce00000 ---p 00000000 00:00 0 
6ce02000-6ce03000 rw-p 00000000 00:00 0 
6ce03000-6ce05000 r--s 00001000 08:07 1844699    /usr/lib/jvm/java-7-sun/jre/lib/ext/dnsns.jar
6ce05000-6ce07000 r-xp 00000000 08:07 656454     /lib/i386-linux-gnu/libnss_mdns4_minimal.so.2
6ce07000-6ce08000 r--p 00001000 08:07 656454     /lib/i386-linux-gnu/libnss_mdns4_minimal.so.2
6ce08000-6ce09000 rw-p 00002000 08:07 656454     /lib/i386-linux-gnu/libnss_mdns4_minimal.so.2
6ce09000-6ce0d000 r--s 0002d000 08:07 1844700    /usr/lib/jvm/java-7-sun/jre/lib/ext/sunjce_provider.jar
6ce0d000-6ce10000 r--s 00019000 08:07 1844996    /usr/lib/jvm/java-7-sun/jre/lib/jce.jar
6ce10000-6ce14000 r--s 0008b000 08:07 1844778    /usr/lib/jvm/java-7-sun/jre/lib/jsse.jar
6ce14000-6ce18000 r--s 000f7000 08:07 1844701    /usr/lib/jvm/java-7-sun/jre/lib/ext/localedata.jar
6ce18000-6ce2d000 r-xp 00000000 08:07 1844749    /usr/lib/jvm/java-7-sun/jre/lib/i386/libnet.so
6ce2d000-6ce2e000 rw-p 00014000 08:07 1844749    /usr/lib/jvm/java-7-sun/jre/lib/i386/libnet.so
6ce2e000-6ce3c000 r-xp 00000000 08:07 1844756    /usr/lib/jvm/java-7-sun/jre/lib/i386/libnio.so
6ce3c000-6ce3d000 rw-p 0000e000 08:07 1844756    /usr/lib/jvm/java-7-sun/jre/lib/i386/libnio.so
6ce3d000-6ce47000 r--s 00251000 08:07 1844694    /usr/lib/jvm/java-7-sun/jre/lib/resources.jar
6ce47000-6ce4a000 r--s 00014000 08:07 1847403    /home/mark/all-dependencies-0.5.2/webmagic-extension-0.5.2.jar
6ce4a000-6ce53000 r--s 0006f000 08:07 1847399    /home/mark/all-dependencies-0.5.2/log4j-1.2.17.jar
6ce53000-6ce54000 ---p 00000000 00:00 0 
6ce54000-6ced4000 rw-p 00000000 00:00 0          [stack:20289]
6ced4000-6ced7000 ---p 00000000 00:00 0 
6ced7000-6cf25000 rw-p 00000000 00:00 0          [stack:20288]
6cf25000-6cf28000 ---p 00000000 00:00 0 
6cf28000-6cfa6000 rw-p 00000000 00:00 0          [stack:20287]
6cfa6000-6cfa9000 ---p 00000000 00:00 0 
6cfa9000-6d027000 rw-p 00000000 00:00 0          [stack:20286]
6d027000-6d02a000 ---p 00000000 00:00 0 
6d02a000-6d078000 rw-p 00000000 00:00 0          [stack:20285]
6d078000-6d1dd000 r--p 001c8000 08:07 271392     /usr/lib/locale/locale-archive
6d1dd000-6d3dd000 r--p 00000000 08:07 271392     /usr/lib/locale/locale-archive
6d3dd000-6d3e0000 ---p 00000000 00:00 0 
6d3e0000-6d42e000 rw-p 00000000 00:00 0          [stack:20284]
6d42e000-6d431000 ---p 00000000 00:00 0 
6d431000-6d47f000 rw-p 00000000 00:00 0          [stack:20283]
6d47f000-6d480000 ---p 00000000 00:00 0 
6d480000-6d500000 rw-p 00000000 00:00 0          [stack:20282]
6d500000-6d5fb000 rw-p 00000000 00:00 0 
6d5fb000-6d600000 ---p 00000000 00:00 0 
6d600000-6d602000 r--s 00008000 08:07 1847404    /home/mark/all-dependencies-0.5.2/xsoup-0.2.4.jar
6d602000-6d605000 r--s 00015000 08:07 1847402    /home/mark/all-dependencies-0.5.2/webmagic-core-0.5.2.jar
6d605000-6d60b000 r--s 00036000 08:07 1847398    /home/mark/all-dependencies-0.5.2/junit-4.11.jar
6d60b000-6d611000 r--s 00042000 08:07 1847397    /home/mark/all-dependencies-0.5.2/jsoup-1.7.2.jar
6d611000-6d61c000 r--s 00085000 08:07 1847392    /home/mark/all-dependencies-0.5.2/httpclient-4.3.3.jar
6d61c000-6d646000 r--s 001e9000 08:07 1847390    /home/mark/all-dependencies-0.5.2/guava-15.0.jar
6d646000-6d691000 rw-p 00000000 00:00 0 
6d691000-6d850000 r--s 039eb000 08:07 1844260    /usr/lib/jvm/java-7-sun/jre/lib/rt.jar
6d850000-6fe00000 rw-p 00000000 00:00 0 
6fe00000-6fefd000 rw-p 00000000 00:00 0 
6fefd000-6ff00000 ---p 00000000 00:00 0 
6ff00000-6ff01000 rw-p 00000000 00:00 0 
6ff01000-6ff03000 r--s 00001000 08:07 1847401    /home/mark/all-dependencies-0.5.2/slf4j-log4j12-1.7.6.jar
6ff03000-6ff05000 r--s 00006000 08:07 1847400    /home/mark/all-dependencies-0.5.2/slf4j-api-1.7.6.jar
6ff05000-6ff07000 r--s 0000b000 08:07 1847396    /home/mark/all-dependencies-0.5.2/json-smart-1.1.1.jar
6ff07000-6ff0a000 r--s 0000e000 08:07 1847395    /home/mark/all-dependencies-0.5.2/json-path-0.8.1.jar
6ff0a000-6ff7f000 rw-p 00000000 00:00 0 
6ff7f000-6ff80000 ---p 00000000 00:00 0 
6ff80000-70000000 rw-p 00000000 00:00 0          [stack:20281]
70000000-700d3000 rw-p 00000000 00:00 0 
700d3000-70100000 ---p 00000000 00:00 0 
70100000-70102000 r--s 0001d000 08:07 1847394    /home/mark/all-dependencies-0.5.2/jedis-2.0.0.jar
70102000-70108000 r--s 0003f000 08:07 1847393    /home/mark/all-dependencies-0.5.2/httpcore-4.3.2.jar
70108000-7010e000 r--s 00052000 08:07 1847389    /home/mark/all-dependencies-0.5.2/fastjson-1.1.37.jar
7010e000-70111000 r--s 00016000 08:07 1847388    /home/mark/all-dependencies-0.5.2/commons-pool-1.5.5.jar
70111000-70116000 r--s 00041000 08:07 1847385    /home/mark/all-dependencies-0.5.2/commons-lang-2.6.jar
70116000-70117000 ---p 00000000 00:00 0 
70117000-701ac000 rw-p 00000000 00:00 0          [stack:20280]
701ac000-702e7000 rw-p 00000000 00:00 0 
702e7000-702ef000 rw-p 00000000 00:00 0 
702ef000-70307000 rw-p 00000000 00:00 0 
70307000-7031c000 rw-p 00000000 00:00 0 
7031c000-70457000 rw-p 00000000 00:00 0 
70457000-7046a000 rw-p 00000000 00:00 0 
7046a000-704ff000 rw-p 00000000 00:00 0 
704ff000-71500000 rw-p 00000000 00:00 0 
71500000-74500000 rw-p 00000000 00:00 0 
74500000-76f00000 rw-p 00000000 00:00 0 
76f00000-9e500000 rw-p 00000000 00:00 0 
9e500000-a0a00000 rw-p 00000000 00:00 0 
a0a00000-b3500000 rw-p 00000000 00:00 0 
b3500000-b3502000 r--s 00009000 08:07 1847391    /home/mark/all-dependencies-0.5.2/hamcrest-core-1.3.jar
b3502000-b3508000 r--s 00048000 08:07 1847386    /home/mark/all-dependencies-0.5.2/commons-lang3-3.1.jar
b3508000-b3510000 rw-p 00000000 00:00 0 
b3510000-b3528000 rw-p 00000000 00:00 0 
b3528000-b3531000 rw-p 00000000 00:00 0 
b3531000-b35e8000 rw-p 00000000 00:00 0 
b35e8000-b3828000 rwxp 00000000 00:00 0 
b3828000-b65e8000 rw-p 00000000 00:00 0 
b65e8000-b65ff000 r-xp 00000000 08:07 1844769    /usr/lib/jvm/java-7-sun/jre/lib/i386/libzip.so
b65ff000-b6600000 rw-p 00017000 08:07 1844769    /usr/lib/jvm/java-7-sun/jre/lib/i386/libzip.so
b6600000-b66f3000 rw-p 00000000 00:00 0 
b66f3000-b6700000 ---p 00000000 00:00 0 
b6700000-b6702000 r--s 0000e000 08:07 1847387    /home/mark/all-dependencies-0.5.2/commons-logging-1.1.3.jar
b6702000-b6710000 r--s 0007f000 08:07 1847381    /home/mark/all-dependencies-0.5.2/commons-collections-3.2.1.jar
b6710000-b671b000 r-xp 00000000 08:07 655465     /lib/i386-linux-gnu/libnss_files-2.19.so
b671b000-b671c000 r--p 0000a000 08:07 655465     /lib/i386-linux-gnu/libnss_files-2.19.so
b671c000-b671d000 rw-p 0000b000 08:07 655465     /lib/i386-linux-gnu/libnss_files-2.19.so
b671d000-b6727000 r-xp 00000000 08:07 660128     /lib/i386-linux-gnu/libnss_nis-2.19.so
b6727000-b6728000 r--p 00009000 08:07 660128     /lib/i386-linux-gnu/libnss_nis-2.19.so
b6728000-b6729000 rw-p 0000a000 08:07 660128     /lib/i386-linux-gnu/libnss_nis-2.19.so
b6729000-b673e000 r-xp 00000000 08:07 660349     /lib/i386-linux-gnu/libnsl-2.19.so
b673e000-b673f000 r--p 00015000 08:07 660349     /lib/i386-linux-gnu/libnsl-2.19.so
b673f000-b6740000 rw-p 00016000 08:07 660349     /lib/i386-linux-gnu/libnsl-2.19.so
b6740000-b6742000 rw-p 00000000 00:00 0 
b6742000-b6749000 r-xp 00000000 08:07 655464     /lib/i386-linux-gnu/libnss_compat-2.19.so
b6749000-b674a000 r--p 00006000 08:07 655464     /lib/i386-linux-gnu/libnss_compat-2.19.so
b674a000-b674b000 rw-p 00007000 08:07 655464     /lib/i386-linux-gnu/libnss_compat-2.19.so
b674b000-b674c000 r--s 00003000 08:07 1844702    /usr/lib/jvm/java-7-sun/jre/lib/ext/sunec.jar
b674c000-b674f000 r--s 00013000 08:07 1847384    /home/mark/all-dependencies-0.5.2/commons-io-1.3.2.jar
b674f000-b6755000 r--s 00033000 08:07 1847380    /home/mark/all-dependencies-0.5.2/commons-codec-1.6.jar
b6755000-b6761000 r--s 00081000 08:07 1847379    /home/mark/all-dependencies-0.5.2/assertj-core-1.5.0.jar
b6761000-b6784000 r-xp 00000000 08:07 1844734    /usr/lib/jvm/java-7-sun/jre/lib/i386/libjava.so
b6784000-b6785000 rw-p 00023000 08:07 1844734    /usr/lib/jvm/java-7-sun/jre/lib/i386/libjava.so
b6785000-b678c000 r-xp 00000000 08:07 655461     /lib/i386-linux-gnu/librt-2.19.so
b678c000-b678d000 r--p 00006000 08:07 655461     /lib/i386-linux-gnu/librt-2.19.so
b678d000-b678e000 rw-p 00007000 08:07 655461     /lib/i386-linux-gnu/librt-2.19.so
b678e000-b6791000 ---p 00000000 00:00 0 
b6791000-b67df000 rw-p 00000000 00:00 0          [stack:20279]
b67df000-b6823000 r-xp 00000000 08:07 660408     /lib/i386-linux-gnu/libm-2.19.so
b6823000-b6824000 r--p 00043000 08:07 660408     /lib/i386-linux-gnu/libm-2.19.so
b6824000-b6825000 rw-p 00044000 08:07 660408     /lib/i386-linux-gnu/libm-2.19.so
b6825000-b70aa000 r-xp 00000000 08:07 1844768    /usr/lib/jvm/java-7-sun/jre/lib/i386/server/libjvm.so
b70aa000-b710e000 rw-p 00885000 08:07 1844768    /usr/lib/jvm/java-7-sun/jre/lib/i386/server/libjvm.so
b710e000-b7532000 rw-p 00000000 00:00 0 
b7532000-b76db000 r-xp 00000000 08:07 659893     /lib/i386-linux-gnu/libc-2.19.so
b76db000-b76dd000 r--p 001a9000 08:07 659893     /lib/i386-linux-gnu/libc-2.19.so
b76dd000-b76de000 rw-p 001ab000 08:07 659893     /lib/i386-linux-gnu/libc-2.19.so
b76de000-b76e1000 rw-p 00000000 00:00 0 
b76e1000-b76e4000 r-xp 00000000 08:07 660281     /lib/i386-linux-gnu/libdl-2.19.so
b76e4000-b76e5000 r--p 00002000 08:07 660281     /lib/i386-linux-gnu/libdl-2.19.so
b76e5000-b76e6000 rw-p 00003000 08:07 660281     /lib/i386-linux-gnu/libdl-2.19.so
b76e6000-b76f9000 r-xp 00000000 08:07 1843078    /usr/lib/jvm/java-7-sun/lib/i386/jli/libjli.so
b76f9000-b76fa000 rw-p 00012000 08:07 1843078    /usr/lib/jvm/java-7-sun/lib/i386/jli/libjli.so
b76fa000-b76fb000 rw-p 00000000 00:00 0 
b76fb000-b7713000 r-xp 00000000 08:07 660103     /lib/i386-linux-gnu/libpthread-2.19.so
b7713000-b7714000 r--p 00018000 08:07 660103     /lib/i386-linux-gnu/libpthread-2.19.so
b7714000-b7715000 rw-p 00019000 08:07 660103     /lib/i386-linux-gnu/libpthread-2.19.so
b7715000-b7717000 rw-p 00000000 00:00 0 
b7717000-b771f000 rw-s 00000000 08:07 2100016    /tmp/hsperfdata_mark/20273
b771f000-b7720000 rw-p 00000000 00:00 0 
b7720000-b7721000 r--p 00000000 00:00 0 
b7721000-b772c000 r-xp 00000000 08:07 1844715    /usr/lib/jvm/java-7-sun/jre/lib/i386/libverify.so
b772c000-b772d000 rw-p 0000b000 08:07 1844715    /usr/lib/jvm/java-7-sun/jre/lib/i386/libverify.so
b772d000-b772f000 rw-p 00000000 00:00 0 
b772f000-b7730000 r-xp 00000000 00:00 0          [vdso]
b7730000-b7750000 r-xp 00000000 08:07 660410     /lib/i386-linux-gnu/ld-2.19.so
b7750000-b7751000 r--p 0001f000 08:07 660410     /lib/i386-linux-gnu/ld-2.19.so
b7751000-b7752000 rw-p 00020000 08:07 660410     /lib/i386-linux-gnu/ld-2.19.so
bfb0f000-bfb10000 rwxp 00000000 00:00 0 
bfb42000-bfb63000 rw-p 00000000 00:00 0          [stack]

VM Arguments:
jvm_args: -Dfile.encoding=UTF-8 
java_command: edu.seu.hwq.spider.crawl.BaiduZhidaoPageProcesser
Launcher Type: SUN_STANDARD

Environment Variables:
PATH=/usr/local/sbin:/usr/local/bin:/usr/sbin:/usr/bin:/sbin:/bin:/usr/games:/usr/local/games
LD_LIBRARY_PATH=/usr/lib/jvm/java-7-sun/jre/lib/i386/server:/usr/lib/jvm/java-7-sun/jre/lib/i386:/usr/lib/jvm/java-7-sun/jre/../lib/i386:/usr/lib/jvm/java-7-sun/jre/lib/i386/client:/usr/lib/jvm/java-7-sun/jre/lib/i386:
SHELL=/bin/bash
DISPLAY=:0.0

Signal Handlers:
SIGSEGV: [libjvm.so+0x7e9f40], sa_mask[0]=0x7ffbfeff, sa_flags=0x10000004
SIGBUS: [libjvm.so+0x7e9f40], sa_mask[0]=0x7ffbfeff, sa_flags=0x10000004
SIGFPE: [libjvm.so+0x682680], sa_mask[0]=0x7ffbfeff, sa_flags=0x10000004
SIGPIPE: [libjvm.so+0x682680], sa_mask[0]=0x7ffbfeff, sa_flags=0x10000004
SIGXFSZ: [libjvm.so+0x682680], sa_mask[0]=0x7ffbfeff, sa_flags=0x10000004
SIGILL: [libjvm.so+0x682680], sa_mask[0]=0x7ffbfeff, sa_flags=0x10000004
SIGUSR1: SIG_DFL, sa_mask[0]=0x00000000, sa_flags=0x00000000
SIGUSR2: [libjvm.so+0x683e80], sa_mask[0]=0x00000004, sa_flags=0x10000004
SIGHUP: [libjvm.so+0x6851b0], sa_mask[0]=0x7ffbfeff, sa_flags=0x10000004
SIGINT: [libjvm.so+0x6851b0], sa_mask[0]=0x7ffbfeff, sa_flags=0x10000004
SIGTERM: [libjvm.so+0x6851b0], sa_mask[0]=0x7ffbfeff, sa_flags=0x10000004
SIGQUIT: [libjvm.so+0x6851b0], sa_mask[0]=0x7ffbfeff, sa_flags=0x10000004


---------------  S Y S T E M  ---------------

OS:jessie/sid

uname:Linux 3.13.0-45-generic #74-Ubuntu SMP Tue Jan 13 19:37:48 UTC 2015 i686
libc:glibc 2.19 NPTL 2.19 
rlimit: STACK 8192k, CORE 0k, NPROC 32082, NOFILE 4096, AS infinity
load average:0.69 0.66 0.56

/proc/meminfo:
MemTotal:        4125848 kB
MemFree:         1062312 kB
Buffers:          197604 kB
Cached:          1066896 kB
SwapCached:            0 kB
Active:          2136752 kB
Inactive:         808436 kB
Active(anon):    1681912 kB
Inactive(anon):    45800 kB
Active(file):     454840 kB
Inactive(file):   762636 kB
Unevictable:          16 kB
Mlocked:              16 kB
HighTotal:       3276068 kB
HighFree:         871748 kB
LowTotal:         849780 kB
LowFree:          190564 kB
SwapTotal:       4187132 kB
SwapFree:        4187132 kB
Dirty:                84 kB
Writeback:             0 kB
AnonPages:       1680872 kB
Mapped:           258384 kB
Shmem:             46956 kB
Slab:              68948 kB
SReclaimable:      50860 kB
SUnreclaim:        18088 kB
KernelStack:        3920 kB
PageTables:        14248 kB
NFS_Unstable:          0 kB
Bounce:                0 kB
WritebackTmp:          0 kB
CommitLimit:     6250056 kB
Committed_AS:    4977464 kB
VmallocTotal:     122880 kB
VmallocUsed:       63244 kB
VmallocChunk:      20840 kB
HardwareCorrupted:     0 kB
AnonHugePages:   1081344 kB
HugePages_Total:       0
HugePages_Free:        0
HugePages_Rsvd:        0
HugePages_Surp:        0
Hugepagesize:       2048 kB
DirectMap4k:       24568 kB
DirectMap2M:      888832 kB


CPU:total 2 (2 cores per cpu, 1 threads per core) family 6 model 23 stepping 10, cmov, cx8, fxsr, mmx, sse, sse2, sse3, ssse3, sse4.1, tsc

/proc/cpuinfo:
processor	: 0
vendor_id	: GenuineIntel
cpu family	: 6
model		: 23
model name	: Intel(R) Core(TM)2 Duo CPU     P8600  @ 2.40GHz
stepping	: 10
microcode	: 0xa07
cpu MHz		: 2401.000
cache size	: 3072 KB
physical id	: 0
siblings	: 2
core id		: 0
cpu cores	: 2
apicid		: 0
initial apicid	: 0
fdiv_bug	: no
f00f_bug	: no
coma_bug	: no
fpu		: yes
fpu_exception	: yes
cpuid level	: 13
wp		: yes
flags		: fpu vme de pse tsc msr pae mce cx8 apic sep mtrr pge mca cmov pat pse36 clflush dts acpi mmx fxsr sse sse2 ss ht tm pbe nx lm constant_tsc arch_perfmon pebs bts aperfmperf pni dtes64 monitor ds_cpl vmx smx est tm2 ssse3 cx16 xtpr pdcm sse4_1 xsave lahf_lm ida dtherm tpr_shadow vnmi flexpriority
bogomips	: 4788.27
clflush size	: 64
cache_alignment	: 64
address sizes	: 36 bits physical, 48 bits virtual
power management:

processor	: 1
vendor_id	: GenuineIntel
cpu family	: 6
model		: 23
model name	: Intel(R) Core(TM)2 Duo CPU     P8600  @ 2.40GHz
stepping	: 10
microcode	: 0xa07
cpu MHz		: 2401.000
cache size	: 3072 KB
physical id	: 0
siblings	: 2
core id		: 1
cpu cores	: 2
apicid		: 1
initial apicid	: 1
fdiv_bug	: no
f00f_bug	: no
coma_bug	: no
fpu		: yes
fpu_exception	: yes
cpuid level	: 13
wp		: yes
flags		: fpu vme de pse tsc msr pae mce cx8 apic sep mtrr pge mca cmov pat pse36 clflush dts acpi mmx fxsr sse sse2 ss ht tm pbe nx lm constant_tsc arch_perfmon pebs bts aperfmperf pni dtes64 monitor ds_cpl vmx smx est tm2 ssse3 cx16 xtpr pdcm sse4_1 xsave lahf_lm ida dtherm tpr_shadow vnmi flexpriority
bogomips	: 4788.27
clflush size	: 64
cache_alignment	: 64
address sizes	: 36 bits physical, 48 bits virtual
power management:



Memory: 4k page, physical 4125848k(1062312k free), swap 4187132k(4187132k free)

vm_info: Java HotSpot(TM) Server VM (24.75-b04) for linux-x86 JRE (1.7.0_75-b13), built on Dec 18 2014 18:09:52 by "java_re" with gcc 4.3.0 20080428 (Red Hat 4.3.0-8)

time: Sun Feb 15 23:57:48 2015
elapsed time: 7 seconds

